<?xml version="1.0" encoding="UTF-8"?>
<coverage generated="1751645337770" clover="3.2.0">
  <project timestamp="1751645337770" name="All files">
    <metrics statements="48" coveredstatements="34" conditionals="59" coveredconditionals="28" methods="15" coveredmethods="9" elements="122" coveredelements="71" complexity="0" loc="48" ncloc="48" packages="2" files="2" classes="2"/>
    <package name="components">
      <metrics statements="17" coveredstatements="7" conditionals="35" coveredconditionals="8" methods="6" coveredmethods="1"/>
      <file name="navbar.js" path="C:\Users\Jefferson\Documents\GitHub\MobiPago-CodePay-Collective\components\navbar.js">
        <metrics statements="17" coveredstatements="7" conditionals="35" coveredconditionals="8" methods="6" coveredmethods="1"/>
        <line num="5" count="6" type="stmt"/>
        <line num="6" count="0" type="cond" truecount="0" falsecount="4"/>
        <line num="7" count="0" type="stmt"/>
        <line num="11" count="6" type="stmt"/>
        <line num="12" count="0" type="cond" truecount="0" falsecount="4"/>
        <line num="13" count="0" type="stmt"/>
        <line num="17" count="6" type="stmt"/>
        <line num="18" count="0" type="cond" truecount="0" falsecount="4"/>
        <line num="19" count="0" type="stmt"/>
        <line num="23" count="6" type="stmt"/>
        <line num="24" count="0" type="cond" truecount="0" falsecount="4"/>
        <line num="25" count="0" type="stmt"/>
        <line num="29" count="6" type="stmt"/>
        <line num="30" count="0" type="cond" truecount="0" falsecount="2"/>
        <line num="31" count="0" type="stmt"/>
        <line num="35" count="6" type="stmt"/>
        <line num="83" count="1" type="stmt"/>
      </file>
    </package>
    <package name="screens">
      <metrics statements="31" coveredstatements="27" conditionals="24" coveredconditionals="20" methods="9" coveredmethods="8"/>
      <file name="historial.js" path="C:\Users\Jefferson\Documents\GitHub\MobiPago-CodePay-Collective\screens\historial.js">
        <metrics statements="31" coveredstatements="27" conditionals="24" coveredconditionals="20" methods="9" coveredmethods="8"/>
        <line num="10" count="1" type="stmt"/>
        <line num="11" count="9" type="stmt"/>
        <line num="12" count="9" type="stmt"/>
        <line num="13" count="9" type="cond" truecount="2" falsecount="0"/>
        <line num="14" count="4" type="stmt"/>
        <line num="16" count="5" type="stmt"/>
        <line num="19" count="9" type="stmt"/>
        <line num="20" count="9" type="cond" truecount="2" falsecount="0"/>
        <line num="23" count="9" type="stmt"/>
        <line num="39" count="6" type="stmt"/>
        <line num="40" count="6" type="stmt"/>
        <line num="41" count="6" type="stmt"/>
        <line num="43" count="6" type="stmt"/>
        <line num="44" count="1" type="cond" truecount="1" falsecount="1"/>
        <line num="45" count="1" type="stmt"/>
        <line num="50" count="6" type="stmt"/>
        <line num="53" count="6" type="stmt"/>
        <line num="54" count="2" type="stmt"/>
        <line num="56" count="2" type="cond" truecount="1" falsecount="1"/>
        <line num="57" count="0" type="stmt"/>
        <line num="58" count="0" type="stmt"/>
        <line num="61" count="2" type="stmt"/>
        <line num="62" count="4" type="stmt"/>
        <line num="64" count="2" type="stmt"/>
        <line num="67" count="6" type="stmt"/>
        <line num="68" count="0" type="stmt"/>
        <line num="69" count="0" type="stmt"/>
        <line num="73" count="6" type="cond" truecount="2" falsecount="0"/>
        <line num="75" count="6" type="stmt"/>
        <line num="126" count="9" type="cond" truecount="1" falsecount="1"/>
        <line num="154" count="1" type="stmt"/>
      </file>
    </package>
  </project>
</coverage>
