{"C:\\Users\\Jefferson\\Documents\\GitHub\\MobiPago-CodePay-Collective\\components\\navbar.js": {"path":"C:\\Users\\Jefferson\\Documents\\GitHub\\MobiPago-CodePay-Collective\\components\\navbar.js","statementMap":{"0":{"start":{"line":5,"column":31},"end":{"line":9,"column":3}},"1":{"start":{"line":6,"column":4},"end":{"line":8,"column":5}},"2":{"start":{"line":7,"column":6},"end":{"line":7,"column":33}},"3":{"start":{"line":11,"column":35},"end":{"line":15,"column":3}},"4":{"start":{"line":12,"column":4},"end":{"line":14,"column":5}},"5":{"start":{"line":13,"column":6},"end":{"line":13,"column":37}},"6":{"start":{"line":17,"column":37},"end":{"line":21,"column":3}},"7":{"start":{"line":18,"column":4},"end":{"line":20,"column":5}},"8":{"start":{"line":19,"column":6},"end":{"line":19,"column":39}},"9":{"start":{"line":23,"column":35},"end":{"line":27,"column":3}},"10":{"start":{"line":24,"column":4},"end":{"line":26,"column":5}},"11":{"start":{"line":25,"column":6},"end":{"line":25,"column":37}},"12":{"start":{"line":29,"column":25},"end":{"line":33,"column":3}},"13":{"start":{"line":30,"column":4},"end":{"line":32,"column":5}},"14":{"start":{"line":31,"column":6},"end":{"line":31,"column":38}},"15":{"start":{"line":35,"column":2},"end":{"line":80,"column":3}},"16":{"start":{"line":83,"column":15},"end":{"line":125,"column":2}}},"fnMap":{"0":{"name":"Navbar","decl":{"start":{"line":4,"column":24},"end":{"line":4,"column":30}},"loc":{"start":{"line":4,"column":70},"end":{"line":81,"column":1}},"line":4},"1":{"name":"(anonymous_1)","decl":{"start":{"line":5,"column":31},"end":{"line":5,"column":32}},"loc":{"start":{"line":5,"column":37},"end":{"line":9,"column":3}},"line":5},"2":{"name":"(anonymous_2)","decl":{"start":{"line":11,"column":35},"end":{"line":11,"column":36}},"loc":{"start":{"line":11,"column":41},"end":{"line":15,"column":3}},"line":11},"3":{"name":"(anonymous_3)","decl":{"start":{"line":17,"column":37},"end":{"line":17,"column":38}},"loc":{"start":{"line":17,"column":43},"end":{"line":21,"column":3}},"line":17},"4":{"name":"(anonymous_4)","decl":{"start":{"line":23,"column":35},"end":{"line":23,"column":36}},"loc":{"start":{"line":23,"column":41},"end":{"line":27,"column":3}},"line":23},"5":{"name":"(anonymous_5)","decl":{"start":{"line":29,"column":25},"end":{"line":29,"column":26}},"loc":{"start":{"line":29,"column":31},"end":{"line":33,"column":3}},"line":29}},"branchMap":{"0":{"loc":{"start":{"line":4,"column":45},"end":{"line":4,"column":66}},"type":"default-arg","locations":[{"start":{"line":4,"column":60},"end":{"line":4,"column":66}}],"line":4},"1":{"loc":{"start":{"line":6,"column":4},"end":{"line":8,"column":5}},"type":"if","locations":[{"start":{"line":6,"column":4},"end":{"line":8,"column":5}},{"start":{},"end":{}}],"line":6},"2":{"loc":{"start":{"line":6,"column":8},"end":{"line":6,"column":45}},"type":"binary-expr","locations":[{"start":{"line":6,"column":8},"end":{"line":6,"column":18}},{"start":{"line":6,"column":22},"end":{"line":6,"column":45}}],"line":6},"3":{"loc":{"start":{"line":12,"column":4},"end":{"line":14,"column":5}},"type":"if","locations":[{"start":{"line":12,"column":4},"end":{"line":14,"column":5}},{"start":{},"end":{}}],"line":12},"4":{"loc":{"start":{"line":12,"column":8},"end":{"line":12,"column":49}},"type":"binary-expr","locations":[{"start":{"line":12,"column":8},"end":{"line":12,"column":18}},{"start":{"line":12,"column":22},"end":{"line":12,"column":49}}],"line":12},"5":{"loc":{"start":{"line":18,"column":4},"end":{"line":20,"column":5}},"type":"if","locations":[{"start":{"line":18,"column":4},"end":{"line":20,"column":5}},{"start":{},"end":{}}],"line":18},"6":{"loc":{"start":{"line":18,"column":8},"end":{"line":18,"column":51}},"type":"binary-expr","locations":[{"start":{"line":18,"column":8},"end":{"line":18,"column":18}},{"start":{"line":18,"column":22},"end":{"line":18,"column":51}}],"line":18},"7":{"loc":{"start":{"line":24,"column":4},"end":{"line":26,"column":5}},"type":"if","locations":[{"start":{"line":24,"column":4},"end":{"line":26,"column":5}},{"start":{},"end":{}}],"line":24},"8":{"loc":{"start":{"line":24,"column":8},"end":{"line":24,"column":49}},"type":"binary-expr","locations":[{"start":{"line":24,"column":8},"end":{"line":24,"column":18}},{"start":{"line":24,"column":22},"end":{"line":24,"column":49}}],"line":24},"9":{"loc":{"start":{"line":30,"column":4},"end":{"line":32,"column":5}},"type":"if","locations":[{"start":{"line":30,"column":4},"end":{"line":32,"column":5}},{"start":{},"end":{}}],"line":30},"10":{"loc":{"start":{"line":46,"column":18},"end":{"line":46,"column":67}},"type":"cond-expr","locations":[{"start":{"line":46,"column":44},"end":{"line":46,"column":50}},{"start":{"line":46,"column":53},"end":{"line":46,"column":67}}],"line":46},"11":{"loc":{"start":{"line":48,"column":19},"end":{"line":48,"column":63}},"type":"cond-expr","locations":[{"start":{"line":48,"column":45},"end":{"line":48,"column":54}},{"start":{"line":48,"column":57},"end":{"line":48,"column":63}}],"line":48},"12":{"loc":{"start":{"line":54,"column":18},"end":{"line":54,"column":71}},"type":"cond-expr","locations":[{"start":{"line":54,"column":48},"end":{"line":54,"column":54}},{"start":{"line":54,"column":57},"end":{"line":54,"column":71}}],"line":54},"13":{"loc":{"start":{"line":56,"column":19},"end":{"line":56,"column":67}},"type":"cond-expr","locations":[{"start":{"line":56,"column":49},"end":{"line":56,"column":58}},{"start":{"line":56,"column":61},"end":{"line":56,"column":67}}],"line":56},"14":{"loc":{"start":{"line":65,"column":18},"end":{"line":65,"column":87}},"type":"cond-expr","locations":[{"start":{"line":65,"column":50},"end":{"line":65,"column":63}},{"start":{"line":65,"column":66},"end":{"line":65,"column":87}}],"line":65},"15":{"loc":{"start":{"line":67,"column":19},"end":{"line":67,"column":69}},"type":"cond-expr","locations":[{"start":{"line":67,"column":51},"end":{"line":67,"column":60}},{"start":{"line":67,"column":63},"end":{"line":67,"column":69}}],"line":67},"16":{"loc":{"start":{"line":73,"column":18},"end":{"line":73,"column":75}},"type":"cond-expr","locations":[{"start":{"line":73,"column":48},"end":{"line":73,"column":56}},{"start":{"line":73,"column":59},"end":{"line":73,"column":75}}],"line":73},"17":{"loc":{"start":{"line":75,"column":19},"end":{"line":75,"column":67}},"type":"cond-expr","locations":[{"start":{"line":75,"column":49},"end":{"line":75,"column":58}},{"start":{"line":75,"column":61},"end":{"line":75,"column":67}}],"line":75}},"s":{"0":6,"1":0,"2":0,"3":6,"4":0,"5":0,"6":6,"7":0,"8":0,"9":6,"10":0,"11":0,"12":6,"13":0,"14":0,"15":6,"16":1},"f":{"0":6,"1":0,"2":0,"3":0,"4":0,"5":0},"b":{"0":[0],"1":[0,0],"2":[0,0],"3":[0,0],"4":[0,0],"5":[0,0],"6":[0,0],"7":[0,0],"8":[0,0],"9":[0,0],"10":[0,6],"11":[0,6],"12":[0,6],"13":[0,6],"14":[0,6],"15":[0,6],"16":[0,6],"17":[0,6]},"_coverageSchema":"1a1c01bbd47fc00a2c39e90264f33305004495a9","hash":"7c70471ca24ff33241d8d21942d4f1aa2c78a005"}
,"C:\\Users\\Jefferson\\Documents\\GitHub\\MobiPago-CodePay-Collective\\screens\\historial.js": {"path":"C:\\Users\\Jefferson\\Documents\\GitHub\\MobiPago-CodePay-Collective\\screens\\historial.js","statementMap":{"0":{"start":{"line":10,"column":24},"end":{"line":36,"column":1}},"1":{"start":{"line":11,"column":23},"end":{"line":17,"column":3}},"2":{"start":{"line":12,"column":22},"end":{"line":12,"column":38}},"3":{"start":{"line":13,"column":4},"end":{"line":15,"column":5}},"4":{"start":{"line":14,"column":6},"end":{"line":14,"column":42}},"5":{"start":{"line":16,"column":4},"end":{"line":16,"column":39}},"6":{"start":{"line":19,"column":25},"end":{"line":21,"column":3}},"7":{"start":{"line":20,"column":4},"end":{"line":20,"column":69}},"8":{"start":{"line":23,"column":2},"end":{"line":35,"column":3}},"9":{"start":{"line":39,"column":42},"end":{"line":39,"column":53}},"10":{"start":{"line":40,"column":38},"end":{"line":40,"column":50}},"11":{"start":{"line":41,"column":58},"end":{"line":41,"column":70}},"12":{"start":{"line":43,"column":23},"end":{"line":47,"column":3}},"13":{"start":{"line":44,"column":4},"end":{"line":46,"column":5}},"14":{"start":{"line":45,"column":6},"end":{"line":45,"column":25}},"15":{"start":{"line":50,"column":32},"end":{"line":50,"column":61}},"16":{"start":{"line":53,"column":23},"end":{"line":65,"column":3}},"17":{"start":{"line":54,"column":4},"end":{"line":54,"column":23}},"18":{"start":{"line":56,"column":4},"end":{"line":59,"column":5}},"19":{"start":{"line":57,"column":6},"end":{"line":57,"column":33}},"20":{"start":{"line":58,"column":6},"end":{"line":58,"column":12}},"21":{"start":{"line":61,"column":21},"end":{"line":63,"column":5}},"22":{"start":{"line":62,"column":6},"end":{"line":62,"column":75}},"23":{"start":{"line":64,"column":4},"end":{"line":64,"column":37}},"24":{"start":{"line":67,"column":28},"end":{"line":70,"column":3}},"25":{"start":{"line":68,"column":4},"end":{"line":68,"column":21}},"26":{"start":{"line":69,"column":4},"end":{"line":69,"column":31}},"27":{"start":{"line":73,"column":32},"end":{"line":73,"column":103}},"28":{"start":{"line":75,"column":2},"end":{"line":151,"column":3}},"29":{"start":{"line":126,"column":16},"end":{"line":129,"column":23}},"30":{"start":{"line":154,"column":15},"end":{"line":300,"column":2}}},"fnMap":{"0":{"name":"(anonymous_0)","decl":{"start":{"line":10,"column":24},"end":{"line":10,"column":25}},"loc":{"start":{"line":10,"column":45},"end":{"line":36,"column":1}},"line":10},"1":{"name":"(anonymous_1)","decl":{"start":{"line":11,"column":23},"end":{"line":11,"column":24}},"loc":{"start":{"line":11,"column":35},"end":{"line":17,"column":3}},"line":11},"2":{"name":"(anonymous_2)","decl":{"start":{"line":19,"column":25},"end":{"line":19,"column":26}},"loc":{"start":{"line":19,"column":37},"end":{"line":21,"column":3}},"line":19},"3":{"name":"Historial","decl":{"start":{"line":38,"column":24},"end":{"line":38,"column":33}},"loc":{"start":{"line":38,"column":50},"end":{"line":152,"column":1}},"line":38},"4":{"name":"(anonymous_4)","decl":{"start":{"line":43,"column":23},"end":{"line":43,"column":24}},"loc":{"start":{"line":43,"column":29},"end":{"line":47,"column":3}},"line":43},"5":{"name":"(anonymous_5)","decl":{"start":{"line":53,"column":23},"end":{"line":53,"column":24}},"loc":{"start":{"line":53,"column":33},"end":{"line":65,"column":3}},"line":53},"6":{"name":"(anonymous_6)","decl":{"start":{"line":61,"column":50},"end":{"line":61,"column":51}},"loc":{"start":{"line":62,"column":6},"end":{"line":62,"column":75}},"line":62},"7":{"name":"(anonymous_7)","decl":{"start":{"line":67,"column":28},"end":{"line":67,"column":29}},"loc":{"start":{"line":67,"column":34},"end":{"line":70,"column":3}},"line":67},"8":{"name":"(anonymous_8)","decl":{"start":{"line":125,"column":40},"end":{"line":125,"column":41}},"loc":{"start":{"line":126,"column":16},"end":{"line":129,"column":23}},"line":126}},"branchMap":{"0":{"loc":{"start":{"line":13,"column":4},"end":{"line":15,"column":5}},"type":"if","locations":[{"start":{"line":13,"column":4},"end":{"line":15,"column":5}},{"start":{},"end":{}}],"line":13},"1":{"loc":{"start":{"line":20,"column":11},"end":{"line":20,"column":69}},"type":"cond-expr","locations":[{"start":{"line":20,"column":24},"end":{"line":20,"column":45}},{"start":{"line":20,"column":48},"end":{"line":20,"column":69}}],"line":20},"2":{"loc":{"start":{"line":44,"column":4},"end":{"line":46,"column":5}},"type":"if","locations":[{"start":{"line":44,"column":4},"end":{"line":46,"column":5}},{"start":{},"end":{}}],"line":44},"3":{"loc":{"start":{"line":56,"column":4},"end":{"line":59,"column":5}},"type":"if","locations":[{"start":{"line":56,"column":4},"end":{"line":59,"column":5}},{"start":{},"end":{}}],"line":56},"4":{"loc":{"start":{"line":73,"column":32},"end":{"line":73,"column":103}},"type":"cond-expr","locations":[{"start":{"line":73,"column":59},"end":{"line":73,"column":79}},{"start":{"line":73,"column":82},"end":{"line":73,"column":103}}],"line":73},"5":{"loc":{"start":{"line":103,"column":11},"end":{"line":107,"column":11}},"type":"binary-expr","locations":[{"start":{"line":103,"column":11},"end":{"line":103,"column":32}},{"start":{"line":104,"column":12},"end":{"line":106,"column":31}}],"line":103},"6":{"loc":{"start":{"line":120,"column":13},"end":{"line":120,"column":82}},"type":"cond-expr","locations":[{"start":{"line":120,"column":40},"end":{"line":120,"column":64}},{"start":{"line":120,"column":67},"end":{"line":120,"column":82}}],"line":120},"7":{"loc":{"start":{"line":124,"column":13},"end":{"line":143,"column":13}},"type":"cond-expr","locations":[{"start":{"line":125,"column":14},"end":{"line":130,"column":16}},{"start":{"line":131,"column":16},"end":{"line":143,"column":13}}],"line":124},"8":{"loc":{"start":{"line":124,"column":13},"end":{"line":124,"column":70}},"type":"binary-expr","locations":[{"start":{"line":124,"column":13},"end":{"line":124,"column":34}},{"start":{"line":124,"column":38},"end":{"line":124,"column":70}}],"line":124},"9":{"loc":{"start":{"line":126,"column":27},"end":{"line":126,"column":50}},"type":"binary-expr","locations":[{"start":{"line":126,"column":27},"end":{"line":126,"column":41}},{"start":{"line":126,"column":45},"end":{"line":126,"column":50}}],"line":126},"10":{"loc":{"start":{"line":128,"column":19},"end":{"line":128,"column":96}},"type":"binary-expr","locations":[{"start":{"line":128,"column":19},"end":{"line":128,"column":59}},{"start":{"line":128,"column":63},"end":{"line":128,"column":96}}],"line":128},"11":{"loc":{"start":{"line":131,"column":16},"end":{"line":143,"column":13}},"type":"cond-expr","locations":[{"start":{"line":132,"column":14},"end":{"line":136,"column":21}},{"start":{"line":138,"column":14},"end":{"line":142,"column":21}}],"line":131}},"s":{"0":1,"1":9,"2":9,"3":9,"4":4,"5":5,"6":9,"7":9,"8":9,"9":6,"10":6,"11":6,"12":6,"13":1,"14":1,"15":6,"16":6,"17":2,"18":2,"19":0,"20":0,"21":2,"22":4,"23":2,"24":6,"25":0,"26":0,"27":6,"28":6,"29":9,"30":1},"f":{"0":9,"1":9,"2":9,"3":6,"4":1,"5":2,"6":4,"7":0,"8":9},"b":{"0":[4,5],"1":[4,5],"2":[1,0],"3":[0,2],"4":[2,4],"5":[6,2],"6":[2,4],"7":[5,1],"8":[6,6],"9":[9,0],"10":[9,4],"11":[1,0]},"_coverageSchema":"1a1c01bbd47fc00a2c39e90264f33305004495a9","hash":"d94245511ac6ed48516807ec6c6e5744db5a56a9"}
}
