TN:
SF:components\navbar.js
FN:4,Navbar
FN:5,(anonymous_1)
FN:11,(anonymous_2)
FN:17,(anonymous_3)
FN:23,(anonymous_4)
FN:29,(anonymous_5)
FNF:6
FNH:1
FNDA:6,Navbar
FNDA:0,(anonymous_1)
FNDA:0,(anonymous_2)
FNDA:0,(anonymous_3)
FNDA:0,(anonymous_4)
FNDA:0,(anonymous_5)
DA:5,6
DA:6,0
DA:7,0
DA:11,6
DA:12,0
DA:13,0
DA:17,6
DA:18,0
DA:19,0
DA:23,6
DA:24,0
DA:25,0
DA:29,6
DA:30,0
DA:31,0
DA:35,6
DA:83,1
LF:17
LH:7
BRDA:4,0,0,0
BRDA:6,1,0,0
BRDA:6,1,1,0
BRDA:6,2,0,0
BRDA:6,2,1,0
BRDA:12,3,0,0
BRDA:12,3,1,0
BRDA:12,4,0,0
BRDA:12,4,1,0
BRDA:18,5,0,0
BRDA:18,5,1,0
BRDA:18,6,0,0
BRDA:18,6,1,0
BRDA:24,7,0,0
BRDA:24,7,1,0
BRDA:24,8,0,0
BRDA:24,8,1,0
BRDA:30,9,0,0
BRDA:30,9,1,0
BRDA:46,10,0,0
BRDA:46,10,1,6
BRDA:48,11,0,0
BRDA:48,11,1,6
BRDA:54,12,0,0
BRDA:54,12,1,6
BRDA:56,13,0,0
BRDA:56,13,1,6
BRDA:65,14,0,0
BRDA:65,14,1,6
BRDA:67,15,0,0
BRDA:67,15,1,6
BRDA:73,16,0,0
BRDA:73,16,1,6
BRDA:75,17,0,0
BRDA:75,17,1,6
BRF:35
BRH:8
end_of_record
TN:
SF:screens\historial.js
FN:10,(anonymous_0)
FN:11,(anonymous_1)
FN:19,(anonymous_2)
FN:38,Historial
FN:43,(anonymous_4)
FN:53,(anonymous_5)
FN:61,(anonymous_6)
FN:67,(anonymous_7)
FN:125,(anonymous_8)
FNF:9
FNH:8
FNDA:9,(anonymous_0)
FNDA:9,(anonymous_1)
FNDA:9,(anonymous_2)
FNDA:6,Historial
FNDA:1,(anonymous_4)
FNDA:2,(anonymous_5)
FNDA:4,(anonymous_6)
FNDA:0,(anonymous_7)
FNDA:9,(anonymous_8)
DA:10,1
DA:11,9
DA:12,9
DA:13,9
DA:14,4
DA:16,5
DA:19,9
DA:20,9
DA:23,9
DA:39,6
DA:40,6
DA:41,6
DA:43,6
DA:44,1
DA:45,1
DA:50,6
DA:53,6
DA:54,2
DA:56,2
DA:57,0
DA:58,0
DA:61,2
DA:62,4
DA:64,2
DA:67,6
DA:68,0
DA:69,0
DA:73,6
DA:75,6
DA:126,9
DA:154,1
LF:31
LH:27
BRDA:13,0,0,4
BRDA:13,0,1,5
BRDA:20,1,0,4
BRDA:20,1,1,5
BRDA:44,2,0,1
BRDA:44,2,1,0
BRDA:56,3,0,0
BRDA:56,3,1,2
BRDA:73,4,0,2
BRDA:73,4,1,4
BRDA:103,5,0,6
BRDA:103,5,1,2
BRDA:120,6,0,2
BRDA:120,6,1,4
BRDA:124,7,0,5
BRDA:124,7,1,1
BRDA:124,8,0,6
BRDA:124,8,1,6
BRDA:126,9,0,9
BRDA:126,9,1,0
BRDA:128,10,0,9
BRDA:128,10,1,4
BRDA:131,11,0,1
BRDA:131,11,1,0
BRF:24
BRH:20
end_of_record
